timestamp: 2013-03-17T14:03:36.472019
CREATE TABLE auth_user(
    id INTEGER PRIMARY KEY AUTOINCREMENT,
    first_name CHAR(128),
    last_name CHAR(128),
    email CHAR(512),
    password CHAR(512),
    registration_key CHAR(512),
    reset_password_key CHAR(512),
    registration_id CHAR(512)
);
success!
timestamp: 2013-03-17T14:03:36.604983
CREATE TABLE auth_group(
    id INTEGER PRIMARY KEY AUTOINCREMENT,
    role CHAR(512),
    description TEXT
);
success!
timestamp: 2013-03-17T14:03:36.718144
CREATE TABLE auth_membership(
    id INTEGER PRIMARY KEY AUTOINCREMENT,
    user_id INTEGER REFERENCES auth_user (id) ON DELETE CASCADE,
    group_id INTEGER REFERENCES auth_group (id) ON DELETE CASCADE
);
success!
timestamp: 2013-03-17T14:03:36.831630
CREATE TABLE auth_permission(
    id INTEGER PRIMARY KEY AUTOINCREMENT,
    group_id INTEGER REFERENCES auth_group (id) ON DELETE CASCADE,
    name CHAR(512),
    table_name CHAR(512),
    record_id INTEGER
);
success!
timestamp: 2013-03-17T14:03:36.966999
CREATE TABLE auth_event(
    id INTEGER PRIMARY KEY AUTOINCREMENT,
    time_stamp TIMESTAMP,
    client_ip CHAR(512),
    user_id INTEGER REFERENCES auth_user (id) ON DELETE CASCADE,
    origin CHAR(512),
    description TEXT
);
success!
timestamp: 2013-03-17T14:03:37.080371
CREATE TABLE auth_cas(
    id INTEGER PRIMARY KEY AUTOINCREMENT,
    user_id INTEGER REFERENCES auth_user (id) ON DELETE CASCADE,
    created_on TIMESTAMP,
    service CHAR(512),
    ticket CHAR(512),
    renew CHAR(1)
);
success!
timestamp: 2013-03-17T14:04:44.579623
CREATE TABLE auth_stud(
    id INTEGER PRIMARY KEY AUTOINCREMENT,
    username CHAR(128) NOT NULL UNIQUE,
    password CHAR(512),
    age INTEGER,
    gender CHAR(512),
    father_name CHAR(512),
    address TEXT,
    phone CHAR(512),
    photo CHAR(512),
    date1 TIMESTAMP,
    registration_key CHAR(512)
);
success!
timestamp: 2013-03-17T14:04:44.765121
CREATE TABLE auth_admin(
    id INTEGER PRIMARY KEY AUTOINCREMENT,
    username CHAR(128) NOT NULL UNIQUE,
    password CHAR(512)
);
success!
timestamp: 2013-03-17T17:26:07.609342
CREATE TABLE student(
    id INTEGER PRIMARY KEY AUTOINCREMENT,
    username CHAR(128) NOT NULL UNIQUE,
    password CHAR(512),
    age INTEGER,
    gender CHAR(512),
    father_name CHAR(512),
    address TEXT,
    phone CHAR(512),
    photo CHAR(512),
    Batch CHAR(512),
    registration_key CHAR(512)
);
success!
timestamp: 2013-03-17T17:34:47.075344
ALTER TABLE auth_user ADD photo CHAR(512);
timestamp: 2013-03-17T17:34:47.223393
ALTER TABLE auth_user ADD age INTEGER;
timestamp: 2013-03-17T17:34:47.349118
ALTER TABLE auth_user ADD address TEXT;
timestamp: 2013-03-17T17:34:47.473760
ALTER TABLE auth_user ADD batch CHAR(512);
timestamp: 2013-03-17T17:34:47.608724
ALTER TABLE auth_user ADD phone CHAR(512);
timestamp: 2013-03-17T17:34:47.732936
ALTER TABLE auth_user ADD father_name CHAR(512);
timestamp: 2013-03-17T17:34:47.890842
ALTER TABLE auth_user ADD gender CHAR(512);
timestamp: 2013-03-17T21:25:56.892243
CREATE TABLE course(
    id INTEGER PRIMARY KEY AUTOINCREMENT,
    name CHAR(512),
    code CHAR(512),
    credits INTEGER,
    faculty CHAR(512),
    description TEXT
);
success!
timestamp: 2013-03-17T21:41:40.708624
CREATE TABLE grade(
    id INTEGER PRIMARY KEY AUTOINCREMENT,
    course_id INTEGER REFERENCES course (id) ON DELETE CASCADE,
    student_id INTEGER REFERENCES auth_user (id) ON DELETE CASCADE,
    grade CHAR(512)
);
success!
timestamp: 2013-03-17T23:57:11.166105
ALTER TABLE auth_user ADD username CHAR(128);
timestamp: 2013-03-19T14:40:14.321458
ALTER TABLE student ADD user_id INTEGER REFERENCES auth_user (id) ON DELETE CASCADE;
timestamp: 2013-03-19T14:40:14.472763
ALTER TABLE student ADD full_name CHAR(512);
timestamp: 2013-03-19T14:40:14.607902
ALTER TABLE student ADD year_join CHAR(4);
timestamp: 2013-03-19T14:40:14.722264
ALTER TABLE student ADD branch CHAR(512);
timestamp: 2013-03-19T14:40:14.869016
ALTER TABLE student ADD roll_no INTEGER;
timestamp: 2013-03-19T15:57:08.191184
CREATE TABLE student_det(
    id INTEGER PRIMARY KEY AUTOINCREMENT,
    user_id INTEGER REFERENCES auth_user (id) ON DELETE CASCADE,
    roll_no INTEGER,
    year_join CHAR(4),
    full_name CHAR(512),
    branch CHAR(512)
);
success!
timestamp: 2013-03-20T18:42:02.825439
CREATE TABLE timing(
    id INTEGER PRIMARY KEY AUTOINCREMENT,
    from_1 TIMESTAMP,
    to_1 TIMESTAMP
);
success!
timestamp: 2013-03-24T19:22:23.507517
ALTER TABLE grade ADD sem CHAR(512);
success!
success!
success!
success!
success!
success!
success!
success!
success!
