[2013-03-16 21:55:46] START
[2013-03-17 14:03:22] EDIT isas/models/db.py: 15
[2013-03-17 14:03:56] EDIT isas/models/db.py: 0
[2013-03-17 14:04:28] EDIT isas/models/db.py: 0
[2013-03-17 14:04:42] EDIT isas/models/db.py: 0
[2013-03-17 14:13:22] EDIT isas/models/db.py: -4
[2013-03-17 14:15:00] EDIT isas/models/db.py: 3
[2013-03-17 14:38:37] EDIT isas/models/db.py: 0
[2013-03-17 14:40:34] EDIT isas/controllers/default.py: 7
[2013-03-17 14:41:11] EDIT isas/controllers/default.py: -1
[2013-03-17 15:52:06] EDIT isas/controllers/default.py: 3
[2013-03-17 15:53:31] EDIT isas/controllers/default.py: 0
[2013-03-17 16:19:42] EDIT isas/models/db.py: 0
[2013-03-17 16:25:36] EDIT isas/models/db.py: 2
[2013-03-17 16:25:46] EDIT isas/models/db.py: 0
[2013-03-17 16:26:05] EDIT isas/models/db.py: 0
[2013-03-17 16:26:09] EDIT isas/models/db.py: 0
[2013-03-17 16:26:18] EDIT isas/models/db.py: 0
[2013-03-17 16:26:40] EDIT isas/models/db.py: 0
[2013-03-17 16:27:02] EDIT isas/models/db.py: 0
[2013-03-17 16:27:18] EDIT isas/models/db.py: 0
[2013-03-17 16:27:27] EDIT isas/models/db.py: 0
[2013-03-17 16:27:34] EDIT isas/models/db.py: 0
[2013-03-17 16:27:50] EDIT isas/models/db.py: 0
[2013-03-17 16:28:15] EDIT isas/models/db.py: 0
[2013-03-17 16:28:44] EDIT isas/models/db.py: 0
[2013-03-17 16:29:01] EDIT isas/models/db.py: 0
[2013-03-17 16:29:12] EDIT isas/models/db.py: 0
[2013-03-17 16:29:23] EDIT isas/models/db.py: 0
[2013-03-17 17:34:38] EDIT isas/models/db.py: -4
[2013-03-17 17:36:54] EDIT isas/models/db.py: 0
[2013-03-17 17:39:16] EDIT isas/models/db.py: 0
[2013-03-17 17:39:38] EDIT isas/models/db.py: 0
[2013-03-17 17:39:52] EDIT isas/models/db.py: 0
[2013-03-17 17:46:16] EDIT isas/models/db.py: 4
[2013-03-17 17:49:56] EDIT isas/models/db.py: 2
[2013-03-17 21:41:35] EDIT isas/models/db.py: -4
[2013-03-17 21:42:14] EDIT isas/models/db.py: 0
[2013-03-17 21:43:14] EDIT isas/models/db.py: 0
[2013-03-17 21:43:50] EDIT isas/models/db.py: 0
[2013-03-17 21:44:04] EDIT isas/models/db.py: 0
[2013-03-17 21:44:09] EDIT isas/models/db.py: 0
[2013-03-17 21:44:31] EDIT isas/models/db.py: 0
[2013-03-17 21:46:19] EDIT isas/models/db.py: 0
[2013-03-17 21:46:33] EDIT isas/models/db.py: 0
[2013-03-17 21:46:44] EDIT isas/models/db.py: 0
[2013-03-17 21:47:52] EDIT isas/models/db.py: 0
[2013-03-17 21:56:08] EDIT isas/controllers/default.py: 1
[2013-03-17 21:56:32] EDIT isas/controllers/default.py: 0
[2013-03-17 23:50:31] EDIT isas/controllers/default.py: -9
[2013-03-17 23:52:28] EDIT isas/views/default/index.html: -14
[2013-03-17 23:55:54] EDIT isas/models/db.py: 0
[2013-03-17 23:57:07] EDIT isas/models/db.py: 0
[2013-03-18 00:05:55] EDIT isas/models/db.py: -3
[2013-03-18 00:06:09] EDIT isas/models/db.py: 2
[2013-03-18 00:06:22] EDIT isas/models/db.py: 1
[2013-03-18 00:52:03] EDIT isas/controllers/default.py: 2
[2013-03-18 00:52:22] EDIT isas/controllers/default.py: 0
[2013-03-18 00:52:45] EDIT isas/controllers/default.py: 0
[2013-03-18 00:54:02] CREATE default/admin_interace.html: 0
[2013-03-18 00:54:29] EDIT isas/views/default/admin_interace.html: -2
[2013-03-18 00:55:24] DELETE isas/views/default/admin_interace.html: -1
[2013-03-18 00:55:30] CREATE default/admin_interface.html: 0
[2013-03-18 00:55:48] EDIT isas/views/default/admin_interface.html: -2
[2013-03-18 00:56:32] EDIT isas/controllers/default.py: 2
[2013-03-18 00:58:03] EDIT isas/views/default/admin_interface.html: 1
[2013-03-18 01:00:20] EDIT isas/controllers/default.py: 0
[2013-03-18 01:02:39] EDIT isas/views/default/index.html: 1
[2013-03-18 01:02:57] EDIT isas/views/default/index.html: -1
[2013-03-18 01:03:21] EDIT isas/views/default/index.html: 0
[2013-03-18 01:03:32] EDIT isas/views/default/index.html: 0
[2013-03-18 01:03:44] EDIT isas/views/default/index.html: 0
[2013-03-18 01:05:12] EDIT isas/views/default/index.html: 0
[2013-03-18 01:05:28] EDIT isas/views/default/index.html: 0
[2013-03-18 01:05:50] EDIT isas/views/default/index.html: 0
[2013-03-18 01:06:06] EDIT isas/views/default/index.html: 0
[2013-03-18 01:06:12] EDIT isas/views/default/index.html: 0
[2013-03-18 01:06:24] EDIT isas/views/default/index.html: 0
[2013-03-18 01:06:37] EDIT isas/controllers/default.py: 0
[2013-03-18 01:06:46] EDIT isas/controllers/default.py: 0
[2013-03-18 01:09:21] EDIT isas/views/default/index.html: 0
[2013-03-18 01:09:52] EDIT isas/views/default/index.html: 0
[2013-03-18 01:10:10] EDIT isas/views/default/index.html: 0
[2013-03-18 01:10:17] EDIT isas/views/default/index.html: 0
[2013-03-18 01:11:05] EDIT isas/views/default/index.html: 0
[2013-03-18 01:11:47] EDIT isas/views/default/index.html: 0
[2013-03-18 01:12:38] EDIT isas/views/default/index.html: 0
[2013-03-18 01:13:06] EDIT isas/views/default/index.html: 0
[2013-03-18 01:13:28] EDIT isas/views/default/index.html: 0
[2013-03-18 01:14:04] EDIT isas/views/default/index.html: 1
[2013-03-18 01:14:21] EDIT isas/controllers/default.py: 0
[2013-03-18 01:17:09] EDIT isas/views/default/index.html: -2
[2013-03-18 01:18:13] EDIT isas/views/default/index.html: 1
[2013-03-18 01:27:53] EDIT isas/views/default/index.html: 0
[2013-03-18 01:28:10] EDIT isas/views/default/index.html: -1
[2013-03-18 01:55:13] EDIT isas/views/default/index.html: 4
[2013-03-18 01:55:29] EDIT isas/views/default/index.html: 1
[2013-03-18 01:56:04] EDIT isas/views/default/index.html: 0
[2013-03-18 01:56:07] EDIT isas/views/default/index.html: 0
[2013-03-18 01:57:14] EDIT isas/controllers/default.py: 0
[2013-03-18 02:03:55] EDIT isas/controllers/default.py: 4
[2013-03-18 02:04:07] EDIT isas/controllers/default.py: 0
[2013-03-18 02:05:13] EDIT isas/controllers/default.py: 1
[2013-03-18 02:05:39] EDIT isas/controllers/default.py: 0
[2013-03-18 02:06:24] EDIT isas/controllers/default.py: 0
[2013-03-18 02:12:42] EDIT isas/controllers/default.py: 0
[2013-03-18 02:25:11] EDIT isas/controllers/default.py: 0
[2013-03-18 02:25:54] CREATE default/register.html: 0
[2013-03-18 02:26:54] EDIT isas/views/default/register.html: 0
[2013-03-18 02:27:16] EDIT isas/controllers/default.py: 0
[2013-03-18 02:27:54] EDIT isas/controllers/default.py: 1
[2013-03-18 02:28:03] EDIT isas/views/default/register.html: 0
[2013-03-18 02:28:20] EDIT isas/controllers/default.py: 0
[2013-03-18 02:28:28] EDIT isas/views/default/register.html: 0
[2013-03-18 02:28:49] EDIT isas/views/default/register.html: 0
[2013-03-18 02:28:57] EDIT isas/views/default/register.html: 0
[2013-03-18 02:29:14] EDIT isas/views/default/register.html: 0
[2013-03-18 02:29:28] EDIT isas/views/default/register.html: 0
[2013-03-18 02:29:37] EDIT isas/views/default/register.html: 0
[2013-03-18 02:29:58] EDIT isas/views/default/register.html: 0
[2013-03-18 02:30:38] EDIT isas/views/default/register.html: 0
[2013-03-18 02:30:50] EDIT isas/views/default/register.html: 0
[2013-03-18 02:31:09] EDIT isas/views/default/register.html: 0
[2013-03-18 02:31:25] EDIT isas/views/default/register.html: 0
[2013-03-18 02:31:39] EDIT isas/views/default/register.html: 0
[2013-03-18 02:32:00] EDIT isas/views/default/register.html: 0
[2013-03-18 02:52:40] EDIT isas/controllers/default.py: 1
[2013-03-18 02:52:56] EDIT isas/views/default/register.html: 7
[2013-03-18 02:54:35] EDIT isas/controllers/default.py: 0
[2013-03-18 02:55:20] EDIT isas/views/default/register.html: 0
[2013-03-18 02:56:58] EDIT isas/controllers/default.py: 0
[2013-03-18 02:57:14] EDIT isas/views/default/register.html: 0
[2013-03-18 02:57:49] EDIT isas/views/default/register.html: 0
[2013-03-18 02:58:28] EDIT isas/controllers/default.py: 0
[2013-03-18 03:01:28] EDIT isas/controllers/default.py: 1
[2013-03-18 03:01:52] EDIT isas/controllers/default.py: 0
[2013-03-18 03:04:06] EDIT isas/controllers/default.py: 0
[2013-03-18 03:04:22] EDIT isas/controllers/default.py: 0
[2013-03-18 03:04:39] EDIT isas/controllers/default.py: 0
[2013-03-18 03:04:51] EDIT isas/controllers/default.py: 0
[2013-03-18 03:05:55] EDIT isas/controllers/default.py: 0
[2013-03-18 03:06:23] EDIT isas/controllers/default.py: 0
[2013-03-18 03:06:45] EDIT isas/controllers/default.py: 0
[2013-03-18 03:06:56] EDIT isas/controllers/default.py: 0
[2013-03-18 03:07:17] EDIT isas/controllers/default.py: 0
[2013-03-18 03:07:29] EDIT isas/controllers/default.py: 0
[2013-03-18 03:08:36] EDIT isas/controllers/default.py: 0
[2013-03-18 03:08:49] EDIT isas/controllers/default.py: 0
[2013-03-18 03:09:16] EDIT isas/controllers/default.py: 0
[2013-03-18 03:09:34] EDIT isas/controllers/default.py: 0
[2013-03-18 03:09:47] EDIT isas/controllers/default.py: 0
[2013-03-18 03:10:14] EDIT isas/controllers/default.py: 0
[2013-03-18 03:11:24] EDIT isas/controllers/default.py: 4
[2013-03-18 03:12:56] EDIT isas/controllers/default.py: 0
[2013-03-18 03:13:14] EDIT isas/controllers/default.py: 0
[2013-03-18 03:14:40] EDIT isas/controllers/default.py: 0
[2013-03-18 03:16:59] EDIT isas/controllers/default.py: -1
[2013-03-18 12:49:07] EDIT isas/controllers/default.py: 0
[2013-03-18 12:49:39] EDIT isas/controllers/default.py: 0
[2013-03-18 12:50:23] EDIT isas/controllers/default.py: 0
[2013-03-18 12:51:11] EDIT isas/views/default/register.html: 0
[2013-03-18 12:52:02] EDIT isas/controllers/default.py: 0
[2013-03-18 12:52:56] EDIT isas/controllers/default.py: -1
[2013-03-18 12:55:10] EDIT isas/controllers/default.py: 1
[2013-03-18 12:55:27] EDIT isas/controllers/default.py: 0
[2013-03-18 12:56:44] EDIT isas/controllers/default.py: 0
[2013-03-18 12:57:03] EDIT isas/controllers/default.py: 0
[2013-03-18 12:57:19] EDIT isas/controllers/default.py: 0
[2013-03-18 12:57:50] EDIT isas/controllers/default.py: 0
[2013-03-18 12:58:17] EDIT isas/controllers/default.py: 0
[2013-03-18 13:00:55] EDIT isas/controllers/default.py: 0
[2013-03-18 13:02:14] EDIT isas/models/db.py: 0
[2013-03-18 13:05:00] EDIT isas/controllers/default.py: 1
[2013-03-18 13:11:40] EDIT isas/views/default/register.html: 0
[2013-03-18 13:12:11] EDIT isas/views/default/register.html: 0
[2013-03-18 13:12:58] EDIT isas/views/default/register.html: 1
[2013-03-18 13:13:17] EDIT isas/controllers/default.py: -1
[2013-03-18 13:13:49] EDIT isas/views/default/register.html: 0
[2013-03-18 13:15:48] EDIT isas/views/default/register.html: 0
[2013-03-18 13:16:41] EDIT isas/views/default/register.html: 1
[2013-03-18 13:19:08] EDIT isas/views/default/register.html: 0
[2013-03-18 13:19:14] EDIT isas/views/default/register.html: 0
[2013-03-18 19:01:49] EDIT isas/controllers/default.py: 6
[2013-03-18 19:22:04] EDIT isas/controllers/default.py: -1
[2013-03-18 19:22:22] EDIT isas/controllers/default.py: 1
[2013-03-18 19:25:27] EDIT isas/views/default/register.html: -2
[2013-03-18 21:20:34] EDIT isas/views/default/register.html: 0
[2013-03-18 21:28:05] EDIT isas/controllers/default.py: 1
[2013-03-18 21:29:05] EDIT isas/controllers/default.py: 0
[2013-03-18 21:29:19] EDIT isas/controllers/default.py: 0
[2013-03-18 21:29:44] EDIT isas/controllers/default.py: 0
[2013-03-18 21:30:44] EDIT isas/controllers/default.py: 1
[2013-03-18 21:31:10] EDIT isas/controllers/default.py: 0
[2013-03-18 21:31:52] EDIT isas/views/default/register.html: 1
[2013-03-18 21:32:55] EDIT isas/controllers/default.py: 1
[2013-03-18 21:34:37] CREATE default/show_courses.html: 0
[2013-03-18 21:37:08] EDIT isas/views/default/show_courses.html: 1
[2013-03-18 21:37:24] EDIT isas/views/default/show_courses.html: 0
[2013-03-18 21:40:58] EDIT isas/controllers/default.py: 2
[2013-03-18 21:41:02] EDIT isas/views/default/register.html: 0
[2013-03-18 21:41:59] EDIT isas/controllers/default.py: 0
[2013-03-18 21:42:31] EDIT isas/controllers/default.py: 0
[2013-03-18 21:44:14] EDIT isas/controllers/default.py: 1
[2013-03-18 21:45:35] EDIT isas/views/default/show_courses.html: 0
[2013-03-18 21:46:19] EDIT isas/controllers/default.py: 0
[2013-03-18 21:47:13] EDIT isas/controllers/default.py: 0
[2013-03-18 21:47:35] EDIT isas/controllers/default.py: 0
[2013-03-18 21:47:40] EDIT isas/controllers/default.py: 0
[2013-03-18 21:48:38] EDIT isas/controllers/default.py: 2
[2013-03-18 21:48:52] EDIT isas/controllers/default.py: 0
[2013-03-18 21:50:05] EDIT isas/views/default/show_courses.html: 2
[2013-03-18 21:50:37] EDIT isas/controllers/default.py: 1
[2013-03-18 21:51:04] EDIT isas/views/default/show_courses.html: 1
[2013-03-18 21:51:08] EDIT isas/views/default/show_courses.html: 0
[2013-03-18 21:51:43] EDIT isas/controllers/default.py: 0
[2013-03-18 21:51:50] EDIT isas/controllers/default.py: 0
[2013-03-18 21:51:57] EDIT isas/controllers/default.py: 0
[2013-03-18 21:52:39] EDIT isas/controllers/default.py: 0
[2013-03-18 21:53:19] EDIT isas/controllers/default.py: 0
[2013-03-18 21:55:18] EDIT isas/controllers/default.py: 0
[2013-03-18 22:00:43] EDIT isas/controllers/default.py: 0
[2013-03-18 22:02:07] EDIT isas/controllers/default.py: 0
[2013-03-18 22:02:15] EDIT isas/controllers/default.py: 0
[2013-03-18 22:02:47] EDIT isas/controllers/default.py: 0
[2013-03-18 22:03:04] EDIT isas/controllers/default.py: 0
[2013-03-18 22:03:30] EDIT isas/controllers/default.py: 0
[2013-03-18 22:04:01] EDIT isas/controllers/default.py: 0
[2013-03-18 22:05:32] EDIT isas/controllers/default.py: 0
[2013-03-18 22:05:35] EDIT isas/controllers/default.py: 0
[2013-03-18 22:05:44] EDIT isas/controllers/default.py: 0
[2013-03-18 22:05:49] EDIT isas/controllers/default.py: 0
[2013-03-18 22:06:14] EDIT isas/controllers/default.py: 0
[2013-03-18 22:06:30] EDIT isas/controllers/default.py: 0
[2013-03-18 22:06:35] EDIT isas/controllers/default.py: 0
[2013-03-18 22:06:57] EDIT isas/controllers/default.py: 0
[2013-03-18 22:07:19] EDIT isas/controllers/default.py: 0
[2013-03-18 22:07:32] EDIT isas/controllers/default.py: 0
[2013-03-18 22:08:25] EDIT isas/controllers/default.py: 0
[2013-03-18 22:08:54] EDIT isas/controllers/default.py: 0
[2013-03-18 22:10:07] EDIT isas/controllers/default.py: 0
[2013-03-18 22:11:02] EDIT isas/controllers/default.py: 0
[2013-03-18 22:12:32] EDIT isas/controllers/default.py: 0
[2013-03-18 22:13:04] EDIT isas/controllers/default.py: 0
[2013-03-18 22:17:02] EDIT isas/controllers/default.py: 0
[2013-03-18 22:18:38] EDIT isas/controllers/default.py: 0
[2013-03-18 22:19:20] EDIT isas/controllers/default.py: 0
[2013-03-18 22:20:22] EDIT isas/controllers/default.py: 0
[2013-03-18 22:30:36] EDIT isas/controllers/default.py: 0
[2013-03-18 23:38:00] EDIT isas/controllers/default.py: 0
[2013-03-18 23:38:17] EDIT isas/controllers/default.py: 0
[2013-03-18 23:39:18] EDIT isas/controllers/default.py: 0
[2013-03-18 23:39:57] EDIT isas/controllers/default.py: 0
[2013-03-18 23:43:10] EDIT isas/views/default/register.html: 0
[2013-03-18 23:43:15] EDIT isas/controllers/default.py: 0
[2013-03-18 23:43:44] EDIT isas/controllers/default.py: 0
[2013-03-18 23:49:44] EDIT isas/controllers/default.py: 0
[2013-03-18 23:50:23] EDIT isas/controllers/default.py: 0
[2013-03-18 23:52:54] EDIT isas/controllers/default.py: 0
[2013-03-18 23:53:23] EDIT isas/controllers/default.py: 1
[2013-03-18 23:53:28] EDIT isas/controllers/default.py: 0
[2013-03-18 23:53:51] EDIT isas/controllers/default.py: -1
[2013-03-18 23:56:54] EDIT isas/controllers/default.py: 0
[2013-03-19 00:06:48] EDIT isas/views/default/register.html: 0
[2013-03-19 00:07:51] EDIT isas/controllers/default.py: 0
[2013-03-19 00:08:53] EDIT isas/controllers/default.py: 1
[2013-03-19 00:11:00] EDIT isas/views/default/show_courses.html: 1
[2013-03-19 00:15:16] EDIT isas/views/default/register.html: 0
[2013-03-19 00:15:44] EDIT isas/controllers/default.py: 0
[2013-03-19 00:15:53] EDIT isas/controllers/default.py: 0
[2013-03-19 00:20:07] EDIT isas/controllers/default.py: 0
[2013-03-19 00:33:09] EDIT isas/controllers/default.py: 0
[2013-03-19 00:33:30] EDIT isas/controllers/default.py: 0
[2013-03-19 00:38:31] EDIT isas/controllers/default.py: 0
[2013-03-19 00:39:01] EDIT isas/controllers/default.py: 0
[2013-03-19 00:42:21] EDIT isas/views/default/register.html: 0
[2013-03-19 00:43:32] EDIT isas/controllers/default.py: 0
[2013-03-19 00:44:22] EDIT isas/controllers/default.py: 0
[2013-03-19 00:44:59] EDIT isas/controllers/default.py: 0
[2013-03-19 00:45:27] EDIT isas/controllers/default.py: 0
[2013-03-19 00:46:00] EDIT isas/views/default/register.html: 0
[2013-03-19 00:46:19] EDIT isas/controllers/default.py: 0
[2013-03-19 00:47:57] EDIT isas/views/default/show_courses.html: 0
[2013-03-19 00:48:14] EDIT isas/views/default/show_courses.html: 0
[2013-03-19 00:48:22] EDIT isas/views/default/show_courses.html: 0
[2013-03-19 00:48:57] EDIT isas/controllers/default.py: 0
[2013-03-19 00:49:23] EDIT isas/views/default/show_courses.html: 0
[2013-03-19 00:51:44] EDIT isas/controllers/default.py: 1
[2013-03-19 00:52:48] EDIT isas/controllers/default.py: 1
[2013-03-19 00:54:58] EDIT isas/controllers/default.py: 1
[2013-03-19 00:55:50] EDIT isas/controllers/default.py: 0
[2013-03-19 00:56:26] EDIT isas/controllers/default.py: 0
[2013-03-19 01:01:06] EDIT isas/controllers/default.py: 3
[2013-03-19 01:01:28] EDIT isas/controllers/default.py: 0
[2013-03-19 01:03:10] EDIT isas/controllers/default.py: 0
[2013-03-19 01:03:14] EDIT isas/controllers/default.py: 0
[2013-03-19 01:04:22] EDIT isas/controllers/default.py: 0
[2013-03-19 01:04:46] EDIT isas/controllers/default.py: 0
[2013-03-19 01:05:39] EDIT isas/controllers/default.py: 0
[2013-03-19 01:06:45] EDIT isas/controllers/default.py: 0
[2013-03-19 01:07:49] EDIT isas/controllers/default.py: 0
[2013-03-19 01:09:21] EDIT isas/controllers/default.py: 0
[2013-03-19 01:10:07] EDIT isas/controllers/default.py: 0
[2013-03-19 01:10:46] EDIT isas/controllers/default.py: 1
[2013-03-19 01:11:19] EDIT isas/controllers/default.py: 0
[2013-03-19 01:12:46] EDIT isas/controllers/default.py: 0
[2013-03-19 01:14:10] EDIT isas/controllers/default.py: 1
[2013-03-19 01:15:14] EDIT isas/views/default/show_courses.html: 3
[2013-03-19 01:15:53] EDIT isas/controllers/default.py: 0
[2013-03-19 01:16:52] EDIT isas/controllers/default.py: 1
[2013-03-19 01:17:05] EDIT isas/views/default/show_courses.html: 0
[2013-03-19 01:17:47] EDIT isas/controllers/default.py: 0
[2013-03-19 01:18:13] EDIT isas/controllers/default.py: 1
[2013-03-19 01:20:12] EDIT isas/views/default/show_courses.html: 3
[2013-03-19 01:20:37] EDIT isas/views/default/show_courses.html: 0
[2013-03-19 01:22:03] EDIT isas/controllers/default.py: 0
[2013-03-19 01:22:11] EDIT isas/views/default/show_courses.html: 0
[2013-03-19 01:23:04] EDIT isas/controllers/default.py: 0
[2013-03-19 01:25:00] EDIT isas/controllers/default.py: -1
[2013-03-19 01:27:43] EDIT isas/controllers/default.py: -1
[2013-03-19 01:27:52] EDIT isas/views/default/show_courses.html: 0
[2013-03-19 01:29:22] EDIT isas/controllers/default.py: 0
[2013-03-19 01:29:27] EDIT isas/views/default/show_courses.html: 0
[2013-03-19 01:30:28] EDIT isas/controllers/default.py: 0
[2013-03-19 01:31:13] EDIT isas/controllers/default.py: 0
[2013-03-19 01:31:17] EDIT isas/views/default/register.html: 0
[2013-03-19 01:32:39] EDIT isas/views/default/register.html: 0
[2013-03-19 01:33:07] EDIT isas/views/default/register.html: 0
[2013-03-19 01:34:33] EDIT isas/views/default/register.html: 4
[2013-03-19 01:35:03] EDIT isas/views/default/register.html: 0
[2013-03-19 01:36:43] EDIT isas/views/default/register.html: 0
[2013-03-19 01:38:31] EDIT isas/views/default/show_courses.html: 1
[2013-03-19 01:42:09] EDIT isas/views/default/register.html: 0
[2013-03-19 01:42:16] EDIT isas/views/default/show_courses.html: 0
[2013-03-19 01:42:32] EDIT isas/controllers/default.py: 0
[2013-03-19 01:42:39] EDIT isas/controllers/default.py: 0
[2013-03-19 02:09:41] EDIT isas/views/default/admin_interface.html: 11
[2013-03-19 02:10:09] EDIT isas/views/default/admin_interface.html: 0
[2013-03-19 02:10:20] EDIT isas/controllers/default.py: 0
[2013-03-19 02:14:00] EDIT isas/views/default/admin_interface.html: 0
[2013-03-19 02:14:49] EDIT isas/controllers/default.py: 4
[2013-03-19 02:15:38] EDIT isas/views/default/admin_interface.html: 0
[2013-03-19 02:16:39] EDIT isas/views/default/admin_interface.html: 0
[2013-03-19 02:16:50] EDIT isas/views/default/admin_interface.html: 0
[2013-03-19 02:17:51] EDIT isas/views/default/admin_interface.html: 0
[2013-03-19 02:18:16] EDIT isas/views/default/admin_interface.html: 0
[2013-03-19 02:18:19] EDIT isas/views/default/admin_interface.html: 0
[2013-03-19 02:19:22] EDIT isas/views/default/admin_interface.html: 0
[2013-03-19 02:22:40] EDIT isas/views/default/admin_interface.html: 0
[2013-03-19 02:22:59] EDIT isas/views/default/admin_interface.html: -1
[2013-03-19 02:23:13] EDIT isas/views/default/admin_interface.html: -1
[2013-03-19 02:23:37] EDIT isas/views/default/admin_interface.html: 1
[2013-03-19 02:24:14] EDIT isas/views/default/admin_interface.html: 0
[2013-03-19 02:25:37] EDIT isas/views/default/admin_interface.html: 0
[2013-03-19 02:30:28] EDIT isas/views/default/admin_interface.html: 0
[2013-03-19 02:34:40] EDIT isas/controllers/default.py: 5
[2013-03-19 02:34:45] EDIT isas/views/default/admin_interface.html: 0
[2013-03-19 02:35:17] CREATE default/add_courses.html: 0
[2013-03-19 02:35:33] EDIT isas/views/default/add_courses.html: -1
[2013-03-19 02:35:38] EDIT isas/controllers/default.py: 0
[2013-03-19 02:37:15] EDIT isas/controllers/default.py: 0
[2013-03-19 02:39:12] EDIT isas/controllers/default.py: 0
[2013-03-19 02:41:21] EDIT isas/models/db.py: 0
[2013-03-19 02:42:24] EDIT isas/controllers/default.py: 0
[2013-03-19 10:49:44] EDIT isas/controllers/default.py: 3
[2013-03-19 10:51:15] EDIT isas/controllers/default.py: 0
[2013-03-19 14:36:36] EDIT isas/models/db.py: 6
[2013-03-19 14:37:15] EDIT isas/models/db.py: 0
[2013-03-19 14:38:02] EDIT isas/models/db.py: 0
[2013-03-19 14:41:10] CREATE default/student_details.html: 0
[2013-03-19 14:44:17] EDIT isas/views/default/student_details.html: -1
[2013-03-19 14:54:03] EDIT isas/controllers/default.py: 9
[2013-03-19 14:57:00] EDIT isas/controllers/default.py: 3
[2013-03-19 14:58:30] EDIT isas/models/db.py: 0
[2013-03-19 14:58:49] EDIT isas/models/db.py: 0
[2013-03-19 15:07:25] EDIT isas/controllers/default.py: 0
[2013-03-19 15:13:47] EDIT isas/models/db.py: 0
[2013-03-19 15:15:56] EDIT isas/models/db.py: 0
[2013-03-19 15:16:09] EDIT isas/models/db.py: 0
[2013-03-19 15:16:38] EDIT isas/models/db.py: 0
[2013-03-19 15:16:53] EDIT isas/models/db.py: 0
[2013-03-19 15:17:43] EDIT isas/models/db.py: 0
[2013-03-19 15:26:18] EDIT isas/controllers/default.py: 0
[2013-03-19 15:29:26] EDIT isas/controllers/default.py: 0
[2013-03-19 15:56:31] EDIT isas/models/db.py: 0
[2013-03-19 15:56:58] EDIT isas/controllers/default.py: 0
[2013-03-19 23:35:51] EDIT isas/controllers/default.py: 17
[2013-03-19 23:36:01] EDIT isas/controllers/default.py: 0
[2013-03-19 23:41:37] EDIT isas/controllers/default.py: 0
[2013-03-19 23:42:41] EDIT isas/controllers/default.py: 0
[2013-03-19 23:43:06] EDIT isas/controllers/default.py: 0
[2013-03-19 23:44:34] EDIT isas/controllers/default.py: 0
[2013-03-19 23:45:22] EDIT isas/controllers/default.py: 0
[2013-03-19 23:48:52] EDIT isas/controllers/default.py: 1
[2013-03-20 00:05:03] EDIT isas/controllers/default.py: 2
[2013-03-20 00:05:23] EDIT isas/controllers/default.py: 1
[2013-03-20 00:06:40] CREATE default/view_grades.html: 0
[2013-03-20 00:11:01] EDIT isas/views/default/view_grades.html: 9
[2013-03-20 00:15:52] EDIT isas/controllers/default.py: 1
[2013-03-20 00:18:45] EDIT isas/views/default/view_grades.html: 2
[2013-03-20 00:19:39] EDIT isas/controllers/default.py: 0
[2013-03-20 00:19:58] EDIT isas/controllers/default.py: 0
[2013-03-20 00:21:40] EDIT isas/views/default/view_grades.html: 0
[2013-03-20 00:22:32] EDIT isas/views/default/view_grades.html: 0
[2013-03-20 00:22:52] EDIT isas/views/default/view_grades.html: 0
[2013-03-20 00:23:31] EDIT isas/controllers/default.py: 1
[2013-03-20 00:24:20] EDIT isas/views/default/view_grades.html: 0
[2013-03-20 00:24:42] EDIT isas/views/default/view_grades.html: 0
[2013-03-20 00:24:54] EDIT isas/views/default/view_grades.html: 0
[2013-03-20 00:26:17] EDIT isas/views/default/view_grades.html: 2
[2013-03-20 00:27:17] EDIT isas/views/default/view_grades.html: 0
[2013-03-20 02:39:02] EDIT isas/views/default/user.html: 0
[2013-03-20 02:39:18] EDIT isas/views/default/user.html: 0
[2013-03-20 02:43:00] EDIT isas/views/layout.html: 0
[2013-03-20 02:43:35] EDIT isas/views/layout.html: 0
[2013-03-20 02:44:46] EDIT isas/views/layout.html: 0
[2013-03-20 02:44:56] EDIT isas/views/layout.html: 0
[2013-03-20 02:47:00] EDIT isas/views/layout.html: 0
[2013-03-20 02:49:18] EDIT isas/controllers/default.py: 2
[2013-03-20 02:50:14] EDIT isas/controllers/default.py: 0
[2013-03-20 02:50:20] EDIT isas/controllers/default.py: 0
[2013-03-20 03:02:55] EDIT isas/controllers/default.py: 1
[2013-03-20 03:04:04] EDIT isas/controllers/default.py: -1
[2013-03-20 03:04:53] EDIT isas/controllers/default.py: 1
[2013-03-20 18:40:03] EDIT isas/models/db.py: 3
[2013-03-20 18:40:57] EDIT isas/models/db.py: 0
[2013-03-20 18:41:17] EDIT isas/models/db.py: 0
[2013-03-20 18:41:29] EDIT isas/models/db.py: 0
[2013-03-20 18:42:00] EDIT isas/models/db.py: 0
[2013-03-20 18:50:30] EDIT isas/controllers/default.py: 10
[2013-03-20 18:54:01] EDIT isas/controllers/default.py: 2
[2013-03-20 18:56:41] EDIT isas/controllers/default.py: 2
[2013-03-20 18:57:07] EDIT isas/controllers/default.py: 0
[2013-03-20 18:57:28] EDIT isas/controllers/default.py: 0
[2013-03-20 18:59:39] EDIT isas/controllers/default.py: -3
[2013-03-20 19:00:38] EDIT isas/views/default/admin_interface.html: 1
[2013-03-20 19:04:07] EDIT isas/controllers/default.py: 0
[2013-03-20 19:04:09] EDIT isas/controllers/default.py: 0
[2013-03-20 19:15:10] EDIT isas/controllers/default.py: 6
[2013-03-20 19:16:31] EDIT isas/controllers/default.py: 0
[2013-03-20 19:20:27] EDIT isas/controllers/default.py: 0
[2013-03-20 19:21:35] EDIT isas/controllers/default.py: 0
[2013-03-20 19:26:42] EDIT isas/controllers/default.py: 2
[2013-03-20 19:29:20] EDIT isas/controllers/default.py: 1
[2013-03-20 19:30:40] EDIT isas/controllers/default.py: 0
[2013-03-20 19:34:53] EDIT isas/controllers/default.py: 0
[2013-03-20 19:42:01] EDIT isas/controllers/default.py: 0
[2013-03-20 19:42:42] EDIT isas/controllers/default.py: 0
[2013-03-20 19:44:22] EDIT isas/controllers/default.py: 2
[2013-03-20 19:46:24] EDIT isas/controllers/default.py: 0
[2013-03-20 19:50:34] EDIT isas/controllers/default.py: 1
[2013-03-20 19:51:09] EDIT isas/controllers/default.py: 1
[2013-03-20 19:51:23] EDIT isas/controllers/default.py: 0
[2013-03-20 19:52:08] EDIT isas/controllers/default.py: 0
[2013-03-20 19:53:18] EDIT isas/controllers/default.py: 1
[2013-03-20 19:53:46] EDIT isas/controllers/default.py: 0
[2013-03-20 19:54:09] EDIT isas/controllers/default.py: -1
[2013-03-20 19:54:36] EDIT isas/controllers/default.py: 0
[2013-03-20 19:55:12] EDIT isas/controllers/default.py: 1
[2013-03-20 20:00:11] EDIT isas/controllers/default.py: -6
[2013-03-20 20:00:39] EDIT isas/controllers/default.py: 0
[2013-03-20 20:01:46] EDIT isas/controllers/default.py: 2
[2013-03-20 20:03:18] EDIT isas/controllers/default.py: 0
[2013-03-20 20:05:14] EDIT isas/controllers/default.py: 0
[2013-03-20 20:05:25] EDIT isas/controllers/default.py: 0
[2013-03-20 20:05:36] EDIT isas/controllers/default.py: 0
[2013-03-20 20:07:53] EDIT isas/controllers/default.py: 0
[2013-03-20 20:16:11] EDIT isas/controllers/default.py: 7
[2013-03-20 20:16:30] EDIT isas/controllers/default.py: -1
[2013-03-20 20:16:43] EDIT isas/controllers/default.py: 0
[2013-03-20 20:18:12] EDIT isas/views/default/index.html: 4
[2013-03-20 20:18:14] EDIT isas/views/default/index.html: 0
[2013-03-20 20:19:02] EDIT isas/controllers/default.py: 0
[2013-03-20 20:19:25] EDIT isas/controllers/default.py: 1
[2013-03-20 20:19:55] EDIT isas/views/default/index.html: 0
[2013-03-20 20:20:21] EDIT isas/views/default/index.html: 0
[2013-03-20 20:21:23] EDIT isas/views/default/index.html: 0
[2013-03-23 02:16:56] EDIT isas/views/default/view_grades.html: 5
[2013-03-23 02:23:03] CREATE default/report.html: 0
[2013-03-23 02:23:47] EDIT isas/views/default/report.html: 13
[2013-03-23 02:25:10] EDIT isas/views/default/report.html: 0
[2013-03-23 02:25:24] EDIT isas/controllers/default.py: 7
[2013-03-23 02:25:50] EDIT isas/controllers/default.py: 0
[2013-03-23 02:26:44] EDIT isas/views/default/view_grades.html: 0
[2013-03-23 02:27:53] EDIT isas/controllers/default.py: 1
[2013-03-23 02:28:07] EDIT isas/controllers/default.py: 0
[2013-03-23 02:28:16] EDIT isas/controllers/default.py: 0
[2013-03-23 02:28:17] EDIT isas/controllers/default.py: 0
[2013-03-23 02:28:25] EDIT isas/views/default/view_grades.html: 0
[2013-03-23 02:28:49] EDIT isas/views/default/view_grades.html: 0
[2013-03-23 02:29:49] EDIT isas/controllers/default.py: 0
[2013-03-23 02:30:16] EDIT isas/views/default/report.html: 0
[2013-03-23 02:31:13] EDIT isas/controllers/default.py: 0
[2013-03-23 02:31:50] EDIT isas/controllers/default.py: 0
[2013-03-23 02:37:18] EDIT isas/controllers/default.py: -2
[2013-03-23 02:37:32] EDIT isas/controllers/default.py: 0
[2013-03-23 02:38:40] EDIT isas/controllers/default.py: 31
[2013-03-23 02:39:16] EDIT isas/controllers/default.py: 0
[2013-03-23 02:39:33] EDIT isas/controllers/default.py: 0
[2013-03-23 02:39:50] EDIT isas/controllers/default.py: 0
[2013-03-23 02:40:19] EDIT isas/controllers/default.py: 0
[2013-03-23 02:40:58] EDIT isas/controllers/default.py: 0
[2013-03-23 02:41:05] EDIT isas/controllers/default.py: 0
[2013-03-23 02:41:33] EDIT isas/controllers/default.py: 0
[2013-03-23 02:41:40] EDIT isas/controllers/default.py: 0
[2013-03-23 02:41:57] EDIT isas/controllers/default.py: 0
[2013-03-23 02:43:06] EDIT isas/controllers/default.py: 0
[2013-03-23 02:43:32] EDIT isas/controllers/default.py: -31
[2013-03-23 02:43:47] EDIT isas/controllers/default.py: 1
[2013-03-23 02:43:55] EDIT isas/controllers/default.py: 0
[2013-03-23 02:44:05] EDIT isas/controllers/default.py: 0
[2013-03-23 02:44:23] EDIT isas/controllers/default.py: 1
[2013-03-23 02:44:46] EDIT isas/views/default/view_grades.html: 0
[2013-03-23 02:45:06] EDIT isas/controllers/default.py: 0
[2013-03-23 02:45:29] EDIT isas/controllers/default.py: 0
[2013-03-23 02:46:01] EDIT isas/views/default/report.html: 0
[2013-03-23 02:46:54] EDIT isas/views/default/report.html: 0
[2013-03-23 02:48:44] EDIT isas/views/default/report.html: 0
[2013-03-23 02:49:09] EDIT isas/views/default/report.html: 0
[2013-03-23 20:02:32] EDIT isas/views/layout.html: -23
[2013-03-23 20:03:59] EDIT isas/views/default/admin_interface.html: 0
[2013-03-23 20:09:18] EDIT isas/views/default/admin_interface.html: 2
[2013-03-23 20:10:03] EDIT isas/controllers/default.py: 0
[2013-03-23 20:10:10] EDIT isas/controllers/default.py: 0
[2013-03-23 20:10:40] EDIT isas/views/default/admin_interface.html: 1
[2013-03-23 20:11:06] EDIT isas/views/default/admin_interface.html: -1
[2013-03-23 20:11:39] EDIT isas/views/default/admin_interface.html: -1
[2013-03-23 20:13:29] EDIT isas/controllers/default.py: 0
[2013-03-23 20:13:41] EDIT isas/controllers/default.py: 0
[2013-03-23 20:13:58] EDIT isas/controllers/default.py: 0
[2013-03-23 20:14:14] EDIT isas/controllers/default.py: 0
[2013-03-23 20:15:02] EDIT isas/controllers/default.py: 0
[2013-03-23 20:15:24] EDIT isas/views/default/admin_interface.html: 1
[2013-03-23 20:16:43] EDIT isas/controllers/default.py: 0
[2013-03-23 20:17:05] EDIT isas/controllers/default.py: 0
[2013-03-23 20:17:19] EDIT isas/controllers/default.py: 0
[2013-03-23 20:17:46] EDIT isas/views/default/admin_interface.html: 0
[2013-03-23 20:18:15] EDIT isas/controllers/default.py: 0
[2013-03-23 20:18:17] EDIT isas/controllers/default.py: 0
[2013-03-23 20:18:19] EDIT isas/controllers/default.py: 0
[2013-03-23 20:18:31] EDIT isas/controllers/default.py: 0
[2013-03-23 20:18:39] EDIT isas/controllers/default.py: 0
[2013-03-23 20:19:35] EDIT isas/views/default/admin_interface.html: 0
[2013-03-23 20:19:50] EDIT isas/views/default/admin_interface.html: 0
[2013-03-23 20:21:18] EDIT isas/views/default/admin_interface.html: 0
[2013-03-23 20:21:36] EDIT isas/views/default/admin_interface.html: 0
[2013-03-23 20:22:57] EDIT isas/views/default/admin_interface.html: 0
[2013-03-23 20:25:22] EDIT isas/views/default/admin_interface.html: 0
[2013-03-23 20:29:14] EDIT isas/views/default/student_details.html: 1
[2013-03-23 20:29:17] EDIT isas/views/default/student_details.html: 0
[2013-03-23 20:31:20] EDIT isas/views/default/student_details.html: 0
[2013-03-23 20:31:31] EDIT isas/views/default/student_details.html: 0
[2013-03-23 20:33:40] EDIT isas/views/default/student_details.html: 1
[2013-03-23 20:34:07] EDIT isas/views/default/student_details.html: 0
[2013-03-23 20:36:58] EDIT isas/views/default/student_details.html: 0
[2013-03-23 20:37:10] EDIT isas/views/default/student_details.html: 0
[2013-03-23 20:37:27] EDIT isas/views/default/student_details.html: 0
[2013-03-23 20:37:46] EDIT isas/views/default/student_details.html: 0
[2013-03-23 20:39:03] EDIT isas/views/default/student_details.html: 0
[2013-03-23 20:39:32] EDIT isas/views/default/student_details.html: 0
[2013-03-23 20:39:44] EDIT isas/views/default/student_details.html: 0
[2013-03-23 20:41:35] EDIT isas/views/default/student_details.html: 0
[2013-03-25 20:54:00] EDIT isas/controllers/default.py: 7
[2013-03-25 20:54:12] EDIT isas/controllers/default.py: 0
[2013-03-25 20:54:20] EDIT isas/controllers/default.py: 0
[2013-03-25 20:54:31] EDIT isas/controllers/default.py: 0
[2013-03-25 20:54:47] EDIT isas/controllers/default.py: 0
[2013-03-25 20:55:36] EDIT isas/controllers/default.py: 0
[2013-03-25 20:55:50] EDIT isas/controllers/default.py: 0
[2013-03-25 20:56:01] EDIT isas/controllers/default.py: 0
[2013-03-25 20:56:26] EDIT isas/controllers/default.py: -1
[2013-03-25 20:56:59] EDIT isas/controllers/default.py: 1
[2013-03-25 20:58:10] EDIT isas/controllers/default.py: 0
[2013-03-25 20:58:35] EDIT isas/controllers/default.py: 0
[2013-03-25 20:59:04] EDIT isas/controllers/default.py: 0
[2013-03-25 20:59:23] EDIT isas/controllers/default.py: 0
[2013-03-25 20:59:42] EDIT isas/controllers/default.py: 0
[2013-03-25 20:59:53] EDIT isas/controllers/default.py: 0
[2013-03-25 21:00:19] EDIT isas/controllers/default.py: 0
[2013-03-25 21:00:52] EDIT isas/controllers/default.py: -1
[2013-03-25 21:01:31] EDIT isas/controllers/default.py: 0
[2013-03-25 21:01:44] EDIT isas/controllers/default.py: 0
[2013-03-25 21:02:58] EDIT isas/controllers/default.py: 0
[2013-03-25 21:03:18] EDIT isas/controllers/default.py: 0
[2013-03-25 21:03:53] EDIT isas/controllers/default.py: 0
[2013-03-25 21:05:10] EDIT isas/controllers/default.py: 0
[2013-03-25 21:05:30] EDIT isas/controllers/default.py: 0
[2013-03-25 21:05:46] EDIT isas/controllers/default.py: 0
[2013-03-25 21:06:06] EDIT isas/controllers/default.py: 0
[2013-03-25 21:06:16] EDIT isas/controllers/default.py: 0
[2013-03-25 21:06:37] EDIT isas/controllers/default.py: 0
[2013-03-25 21:07:03] EDIT isas/controllers/default.py: 0
[2013-03-25 21:07:16] EDIT isas/controllers/default.py: 0
[2013-03-25 21:07:41] EDIT isas/controllers/default.py: 0
[2013-03-25 21:08:57] EDIT isas/controllers/default.py: 0
[2013-03-25 21:09:05] EDIT isas/controllers/default.py: 0
[2013-03-25 21:09:17] EDIT isas/controllers/default.py: 0
[2013-03-25 21:09:25] EDIT isas/controllers/default.py: 0
[2013-03-25 21:09:47] EDIT isas/controllers/default.py: 0
[2013-03-25 21:10:31] EDIT isas/controllers/default.py: 0
[2013-03-25 21:11:28] EDIT isas/controllers/default.py: 0
[2013-03-25 21:11:28] EDIT isas/controllers/default.py: 0
[2013-03-25 21:11:43] EDIT isas/controllers/default.py: 0
[2013-03-25 21:11:53] EDIT isas/controllers/default.py: 0
[2013-03-25 21:12:25] EDIT isas/controllers/default.py: 0
[2013-03-25 21:12:36] EDIT isas/controllers/default.py: 0
[2013-03-25 21:12:57] EDIT isas/controllers/default.py: 0
[2013-03-25 21:13:13] EDIT isas/controllers/default.py: 0
[2013-03-25 21:13:31] EDIT isas/controllers/default.py: 0
[2013-03-25 21:13:52] EDIT isas/controllers/default.py: 0
[2013-03-25 21:14:01] EDIT isas/controllers/default.py: 0
[2013-03-25 21:14:09] EDIT isas/controllers/default.py: 0
[2013-03-25 21:14:21] EDIT isas/controllers/default.py: 0
[2013-03-25 21:14:30] EDIT isas/controllers/default.py: 0
[2013-03-25 21:15:17] EDIT isas/controllers/default.py: 0
[2013-03-25 21:15:30] EDIT isas/controllers/default.py: -1
[2013-03-25 21:15:40] EDIT isas/controllers/default.py: 1
[2013-03-25 21:15:46] EDIT isas/controllers/default.py: 0
[2013-03-25 21:16:35] EDIT isas/controllers/default.py: 0
[2013-03-25 21:21:30] EDIT isas/controllers/default.py: 0
[2013-03-25 21:21:47] EDIT isas/controllers/default.py: 0
[2013-03-25 21:22:43] EDIT isas/controllers/default.py: 0
[2013-03-25 21:22:57] EDIT isas/controllers/default.py: 0
[2013-03-25 21:23:13] EDIT isas/controllers/default.py: 0
[2013-03-25 21:23:29] EDIT isas/controllers/default.py: 0
[2013-03-25 21:23:54] EDIT isas/controllers/default.py: 1
[2013-03-25 21:24:07] EDIT isas/controllers/default.py: 0
[2013-03-25 21:24:11] EDIT isas/controllers/default.py: 0
[2013-03-25 21:24:33] EDIT isas/controllers/default.py: 0
[2013-03-25 21:24:37] EDIT isas/controllers/default.py: 0
[2013-04-03 01:01:56] EDIT isas/views/layout.html: 0
[2013-04-03 01:06:58] EDIT isas/views/layout.html: 0
[2013-04-03 01:08:06] EDIT isas/views/layout.html: 0
[2013-04-03 01:12:07] EDIT isas/views/layout.html: 0
[2013-04-03 01:12:45] EDIT isas/views/layout.html: 0
[2013-04-03 01:16:32] EDIT isas/views/layout.html: 0
[2013-04-03 01:16:43] EDIT isas/views/layout.html: 0
[2013-04-03 01:17:02] EDIT isas/views/layout.html: 0
[2013-04-03 01:18:18] EDIT isas/views/layout.html: 0
[2013-04-03 01:18:30] EDIT isas/views/layout.html: 0
[2013-04-04 13:44:23] EDIT isas/views/default/portal_timing.html: 0
[2013-04-04 13:44:57] EDIT isas/views/default/portal_timing.html: 1
[2013-04-12 04:12:59] EDIT isas/views/layout.html: 0
[2014-03-19 21:27:12] EDIT ISAS/views/layout.html: 0
[2014-03-19 21:27:40] EDIT ISAS/views/layout.html: 0
